Build started 11/17/2014 7:23:12 PM.
     1>Project "C:\src\Libraries\college\blit3d\Project Files\Blit3DFiles\Blit3DLib\Blit3DLib\Blit3DLib.vcxproj" on node 2 (Build target(s)).
     1>C:\Program Files (x86)\MSBuild\Microsoft.Cpp\v4.0\V120\Microsoft.CppBuild.targets(364,5): warning MSB8004: Output Directory does not end with a trailing slash.  This build instance will add the slash as it is required to allow proper evaluation of the Output Directory.
     1>ClCompile:
         C:\VS2013\VC\bin\CL.exe /c /ZI /nologo /W3 /WX- /Od /Oy- /D WIN32 /D _DEBUG /D _LIB /D _UNICODE /D UNICODE /Gm /EHsc /RTC1 /MDd /GS /fp:precise /Zc:wchar_t /Zc:forScope /Fo"Debug\\" /Fd"C:\Blit3D\libx86\120.pdb" /Gd /TP /analyze- /errorReport:prompt BFont.cpp
         BFont.cpp
       Lib:
         C:\VS2013\VC\bin\Lib.exe /OUT:"..\..\..\..\..\blit3d_debug.lib" FreeImage.lib glew32.lib glfw3.lib /NOLOGO Debug\BFont.obj
         Debug\Blit3D.obj
         Debug\glslprogram.obj
         Debug\glutils.obj
         Debug\Logger.obj
         Debug\RenderBuffer.obj
         Debug\ShaderManager.obj
         Debug\Sprite.obj
         Debug\TextureManager.obj
     1>glew32.lib(glew32.dll) : warning LNK4006: __NULL_IMPORT_DESCRIPTOR already defined in FreeImage.lib(FreeImage.dll); second definition ignored
     1>glew32.lib(glew32.dll) : warning LNK4221: This object file does not define any previously undefined public symbols, so it will not be used by any link operation that consumes this library
         Blit3DLib.vcxproj -> C:\src\Libraries\college\blit3d\Project Files\Blit3DFiles\Blit3DLib\Blit3DLib\..\..\..\..\..\blit3d_debug.lib
     1>Done Building Project "C:\src\Libraries\college\blit3d\Project Files\Blit3DFiles\Blit3DLib\Blit3DLib\Blit3DLib.vcxproj" (Build target(s)).

Build succeeded.

Time Elapsed 00:00:01.67
