c:\blit3d\libx86\120.pdb
c:\blit3d\libx86\120.idb
c:\blit3dlib\blit3dlib\debug\bfont.obj
c:\blit3dlib\blit3dlib\debug\blit3d.obj
c:\blit3dlib\blit3dlib\debug\glslprogram.obj
c:\blit3dlib\blit3dlib\debug\glutils.obj
c:\blit3dlib\blit3dlib\debug\logger.obj
c:\blit3dlib\blit3dlib\debug\renderbuffer.obj
c:\blit3dlib\blit3dlib\debug\shadermanager.obj
c:\blit3dlib\blit3dlib\debug\sprite.obj
c:\blit3dlib\blit3dlib\debug\texturemanager.obj
c:\blit3d\libx86\blit3d_debug.lib
f:\blit3dlib\blit3dlib\debug\bfont.obj
f:\blit3dlib\blit3dlib\debug\blit3d.obj
f:\blit3dlib\blit3dlib\debug\glslprogram.obj
f:\blit3dlib\blit3dlib\debug\glutils.obj
f:\blit3dlib\blit3dlib\debug\logger.obj
f:\blit3dlib\blit3dlib\debug\renderbuffer.obj
f:\blit3dlib\blit3dlib\debug\shadermanager.obj
f:\blit3dlib\blit3dlib\debug\sprite.obj
f:\blit3dlib\blit3dlib\debug\texturemanager.obj
f:\blit3dlib\blit3dlib\debug\blit3dlib.tlog\cl.command.1.tlog
f:\blit3dlib\blit3dlib\debug\blit3dlib.tlog\cl.read.1.tlog
f:\blit3dlib\blit3dlib\debug\blit3dlib.tlog\cl.write.1.tlog
f:\blit3dlib\blit3dlib\debug\blit3dlib.tlog\lib-link.read.1.tlog
f:\blit3dlib\blit3dlib\debug\blit3dlib.tlog\lib-link.write.1.tlog
f:\blit3dlib\blit3dlib\debug\blit3dlib.tlog\lib.command.1.tlog
