Build started 1/23/2015 9:26:41 PM.
     1>Project "C:\Users\1039652\Documents\Visual Studio 2013\Projects\PrisonEscape\PrisonEscape\PrisonEscape.vcxproj" on node 2 (Build target(s)).
     1>Link:
         C:\Program Files (x86)\Microsoft Visual Studio 12.0\VC\bin\link.exe /ERRORREPORT:PROMPT /OUT:"C:\Users\1039652\Documents\Visual Studio 2013\Projects\PrisonEscape\Debug\PrisonEscape.exe" /INCREMENTAL /NOLOGO blit3d_debug.lib opengl32.lib glfw3.lib glew32.lib kernel32.lib user32.lib gdi32.lib winspool.lib comdlg32.lib advapi32.lib shell32.lib ole32.lib oleaut32.lib uuid.lib odbc32.lib odbccp32.lib kernel32.lib user32.lib gdi32.lib winspool.lib comdlg32.lib advapi32.lib shell32.lib ole32.lib oleaut32.lib uuid.lib odbc32.lib odbccp32.lib /MANIFEST /MANIFESTUAC:"level='asInvoker' uiAccess='false'" /manifest:embed /DEBUG /PDB:"C:\Users\1039652\Documents\Visual Studio 2013\Projects\PrisonEscape\Debug\PrisonEscape.pdb" /TLBID:1 /DYNAMICBASE /NXCOMPAT /IMPLIB:"C:\Users\1039652\Documents\Visual Studio 2013\Projects\PrisonEscape\Debug\PrisonEscape.lib" /MACHINE:X86 Debug\2d_graphic.obj
         Debug\2d_graphic_mgr.obj
         Debug\engine_funcs.obj
         Debug\ffont.obj
         Debug\gui.obj
         Debug\input_mgr.obj
         Debug\main.obj
         Debug\mesh.obj
         Debug\mesh_mgr.obj
         Debug\texture_mgr.obj
         Debug\util_func.obj
         Debug\vbo_data.obj
     1>LINK : warning LNK4098: defaultlib 'MSVCRT' conflicts with use of other libs; use /NODEFAULTLIB:library
     1>Debug_Toolset.lib(debug_toolset.obj) : warning LNK4099: PDB 'vc120.pdb' was not found with 'Debug_Toolset.lib(debug_toolset.obj)' or at 'C:\Users\1039652\Documents\Visual Studio 2013\Projects\PrisonEscape\Debug\vc120.pdb'; linking object as if no debug info
         PrisonEscape.vcxproj -> C:\Users\1039652\Documents\Visual Studio 2013\Projects\PrisonEscape\Debug\PrisonEscape.exe
     1>Done Building Project "C:\Users\1039652\Documents\Visual Studio 2013\Projects\PrisonEscape\PrisonEscape\PrisonEscape.vcxproj" (Build target(s)).

Build succeeded.

Time Elapsed 00:00:00.91
