c:\blit3d\libx64\120.pdb
c:\blit3d\libx64\120.idb
f:\blit3dlib\blit3dlib\x64\debug\blit3d.obj
f:\blit3dlib\blit3dlib\x64\debug\glslprogram.obj
f:\blit3dlib\blit3dlib\x64\debug\glutils.obj
f:\blit3dlib\blit3dlib\x64\debug\logger.obj
f:\blit3dlib\blit3dlib\x64\debug\shadermanager.obj
f:\blit3dlib\blit3dlib\x64\debug\texturemanager.obj
c:\blit3d\libx64\blit3d64_debug.lib
c:\blit3dlib\blit3dlib\x64\debug\blit3d.obj
c:\blit3dlib\blit3dlib\x64\debug\glslprogram.obj
c:\blit3dlib\blit3dlib\x64\debug\glutils.obj
c:\blit3dlib\blit3dlib\x64\debug\logger.obj
c:\blit3dlib\blit3dlib\x64\debug\shadermanager.obj
c:\blit3dlib\blit3dlib\x64\debug\texturemanager.obj
c:\blit3dlib\blit3dlib\x64\debug\blit3dlib.tlog\cl.command.1.tlog
c:\blit3dlib\blit3dlib\x64\debug\blit3dlib.tlog\cl.read.1.tlog
c:\blit3dlib\blit3dlib\x64\debug\blit3dlib.tlog\cl.write.1.tlog
c:\blit3dlib\blit3dlib\x64\debug\blit3dlib.tlog\lib-link.read.1.tlog
c:\blit3dlib\blit3dlib\x64\debug\blit3dlib.tlog\lib-link.write.1.tlog
c:\blit3dlib\blit3dlib\x64\debug\blit3dlib.tlog\lib.command.1.tlog
