c:\blit3d\libx64\120.pdb
c:\blit3dlib\blit3dlib\x64\release\texturemanager.obj
c:\blit3dlib\blit3dlib\x64\release\shadermanager.obj
c:\blit3dlib\blit3dlib\x64\release\logger.obj
c:\blit3dlib\blit3dlib\x64\release\glutils.obj
c:\blit3dlib\blit3dlib\x64\release\glslprogram.obj
c:\blit3dlib\blit3dlib\x64\release\blit3d.obj
f:\blit3dlib\blit3dlib\x64\release\texturemanager.obj
f:\blit3dlib\blit3dlib\x64\release\shadermanager.obj
f:\blit3dlib\blit3dlib\x64\release\logger.obj
f:\blit3dlib\blit3dlib\x64\release\glutils.obj
f:\blit3dlib\blit3dlib\x64\release\glslprogram.obj
f:\blit3dlib\blit3dlib\x64\release\blit3d.obj
c:\blit3d\libx64\blit3d64.lib
f:\blit3dlib\blit3dlib\x64\release\blit3dlib.tlog\cl.command.1.tlog
f:\blit3dlib\blit3dlib\x64\release\blit3dlib.tlog\cl.read.1.tlog
f:\blit3dlib\blit3dlib\x64\release\blit3dlib.tlog\cl.write.1.tlog
f:\blit3dlib\blit3dlib\x64\release\blit3dlib.tlog\lib-link.read.1.tlog
f:\blit3dlib\blit3dlib\x64\release\blit3dlib.tlog\lib-link.write.1.tlog
f:\blit3dlib\blit3dlib\x64\release\blit3dlib.tlog\lib.command.1.tlog
